0 info it worked if it ends with ok
1 verbose cli [ '/home/cc/.nvm/versions/node/v6.11.3/bin/node',
1 verbose cli   '/home/cc/.nvm/versions/node/v6.11.3/bin/npm',
1 verbose cli   'start' ]
2 info using npm@3.10.10
3 info using node@v6.11.3
4 verbose run-script [ 'prestart', 'start', 'poststart' ]
5 info lifecycle apigateway@1.0.0~prestart: apigateway@1.0.0
6 silly lifecycle apigateway@1.0.0~prestart: no script for prestart, continuing
7 info lifecycle apigateway@1.0.0~start: apigateway@1.0.0
8 verbose lifecycle apigateway@1.0.0~start: unsafe-perm in lifecycle true
9 verbose lifecycle apigateway@1.0.0~start: PATH: /home/cc/.nvm/versions/node/v6.11.3/lib/node_modules/npm/bin/node-gyp-bin:/home/cc/Sciencegateway/sachinkariyattin/Assignment_2/Assignment 2/apigateway/node_modules/.bin:/home/cc/.nvm/versions/node/v6.11.3/bin:/home/cc/bin:/home/cc/.local/bin:/home/cc/Documents/jdk1.8.0_121/bin:/home/cc/Documents/hadoop-2.6.0/bin:/home/cc/Documents/apache-maven-3.3.9/bin:/home/cc/Documents/jdk1.8.0_121/bin:/home/cc/Documents/hadoop-2.6.0/bin:/home/cc/Documents/apache-maven-3.3.9/bin:/home/cc/bin:/home/cc/.local/bin:/usr/local/sbin:/usr/local/bin:/usr/sbin:/usr/bin:/sbin:/bin:/usr/games:/usr/local/games:/snap/bin
10 verbose lifecycle apigateway@1.0.0~start: CWD: /home/cc/Sciencegateway/sachinkariyattin/Assignment_2/Assignment 2/apigateway
11 silly lifecycle apigateway@1.0.0~start: Args: [ '-c', 'node server.js' ]
12 silly lifecycle apigateway@1.0.0~start: Returned: code: 1  signal: null
13 info lifecycle apigateway@1.0.0~start: Failed to exec start script
14 verbose stack Error: apigateway@1.0.0 start: `node server.js`
14 verbose stack Exit status 1
14 verbose stack     at EventEmitter.<anonymous> (/home/cc/.nvm/versions/node/v6.11.3/lib/node_modules/npm/lib/utils/lifecycle.js:255:16)
14 verbose stack     at emitTwo (events.js:106:13)
14 verbose stack     at EventEmitter.emit (events.js:191:7)
14 verbose stack     at ChildProcess.<anonymous> (/home/cc/.nvm/versions/node/v6.11.3/lib/node_modules/npm/lib/utils/spawn.js:40:14)
14 verbose stack     at emitTwo (events.js:106:13)
14 verbose stack     at ChildProcess.emit (events.js:191:7)
14 verbose stack     at maybeClose (internal/child_process.js:920:16)
14 verbose stack     at Process.ChildProcess._handle.onexit (internal/child_process.js:230:5)
15 verbose pkgid apigateway@1.0.0
16 verbose cwd /home/cc/Sciencegateway/sachinkariyattin/Assignment_2/Assignment 2/apigateway
17 error Linux 4.8.0-41-generic
18 error argv "/home/cc/.nvm/versions/node/v6.11.3/bin/node" "/home/cc/.nvm/versions/node/v6.11.3/bin/npm" "start"
19 error node v6.11.3
20 error npm  v3.10.10
21 error code ELIFECYCLE
22 error apigateway@1.0.0 start: `node server.js`
22 error Exit status 1
23 error Failed at the apigateway@1.0.0 start script 'node server.js'.
23 error Make sure you have the latest version of node.js and npm installed.
23 error If you do, this is most likely a problem with the apigateway package,
23 error not with npm itself.
23 error Tell the author that this fails on your system:
23 error     node server.js
23 error You can get information on how to open an issue for this project with:
23 error     npm bugs apigateway
23 error Or if that isn't available, you can get their info via:
23 error     npm owner ls apigateway
23 error There is likely additional logging output above.
24 verbose exit [ 1, true ]
